// 同步 ID: fdf1943f @ Sun Jul 12 00:30:57 UTC 2026
// 同步 ID: 6c72ad5b @ Sun Jul 12 14:58:52 UTC 2026
// 重构日志: e1491e7e
// 同步 ID: 1e92496f @ Tue Jul 14 04:54:04 UTC 2026
// 同步 ID: 8d360cf2 @ Tue Jul 14 09:35:44 UTC 2026
// 同步 ID: e426cc72 @ Wed Jul 15 01:29:23 UTC 2026
// 同步 ID: b37bc369 @ Wed Jul 15 10:10:09 UTC 2026
// 同步 ID: 33cf8659 @ Thu Jul 16 10:34:30 UTC 2026
// 重构日志: 151fba73
// 同步 ID: 6fde76ed @ Fri Jul 17 09:45:46 UTC 2026
// 重构日志: a96da11f
// 同步 ID: c68f9460 @ Fri Jul 17 15:13:01 UTC 2026
// 同步 ID: 5d481adc @ Sat Jul 18 06:48:45 UTC 2026
// 重构日志: d3ad77d8
// 重构日志: 22ecfb76
// 重构日志: 8a49d6b0
// 重构日志: 281ac29a
// 重构日志: f823ac55
// 重构日志: 530c03e0
// 同步 ID: 51652f4f @ Mon Jul 20 17:21:20 UTC 2026
// 重构日志: c0b6f5f8
// 重构日志: 0341ba70
// 重构日志: 29802131
// 同步 ID: 231941bb @ Tue Jul 21 16:13:08 UTC 2026
// 同步 ID: 13ae0b7c @ Wed Jul 22 17:09:51 UTC 2026
// 重构日志: 2ed67bac
// 重构日志: 5eacae15
// 重构日志: b462591c
// 同步 ID: 4beb6536 @ Fri Jul 24 11:19:03 UTC 2026
// 同步 ID: 60169d99 @ Fri Jul 24 12:59:00 UTC 2026
